<?xml version="1.0" encoding="UTF-8"?>
<testsuite name="nl.tilburg.ThemeParkApplicationIT" tests="4" skipped="0" failures="0" errors="0" timestamp="2021-02-17T18:11:03" hostname="LAPTOP-0PTLAUSV" time="0.384">
  <properties/>
  <testcase name="getsAllRides" classname="nl.tilburg.ThemeParkApplicationIT" time="0.295"/>
  <testcase name="getsSingleRide" classname="nl.tilburg.ThemeParkApplicationIT" time="0.03"/>
  <testcase name="returnsNotFoundForInvalidSingleRide" classname="nl.tilburg.ThemeParkApplicationIT" time="0.007"/>
  <testcase name="addsNewRide" classname="nl.tilburg.ThemeParkApplicationIT" time="0.049"/>
  <system-out><![CDATA[19:11:00.217 [Test worker] DEBUG org.springframework.test.annotation.ProfileValueUtils - Retrieved @ProfileValueSourceConfiguration [null] for test class [nl.tilburg.ThemeParkApplicationIT]
19:11:00.217 [Test worker] DEBUG org.springframework.test.annotation.ProfileValueUtils - Retrieved ProfileValueSource type [class org.springframework.test.annotation.SystemProfileValueSource] for class [nl.tilburg.ThemeParkApplicationIT]
19:11:00.218 [Test worker] DEBUG org.springframework.test.annotation.ProfileValueUtils - Retrieved @ProfileValueSourceConfiguration [null] for test class [nl.tilburg.ThemeParkApplicationIT]
19:11:00.218 [Test worker] DEBUG org.springframework.test.annotation.ProfileValueUtils - Retrieved ProfileValueSource type [class org.springframework.test.annotation.SystemProfileValueSource] for class [nl.tilburg.ThemeParkApplicationIT]
19:11:00.223 [Test worker] DEBUG org.springframework.test.context.support.AbstractDirtiesContextTestExecutionListener - Before test class: context [DefaultTestContext@52666d7a testClass = ThemeParkApplicationIT, testInstance = [null], testMethod = [null], testException = [null], mergedContextConfiguration = [WebMergedContextConfiguration@5ecf309b testClass = ThemeParkApplicationIT, locations = '{}', classes = '{class nl.tilburg.ThemeParkRidesExampleApplication}', contextInitializerClasses = '[]', activeProfiles = '{}', propertySourceLocations = '{}', propertySourceProperties = '{org.springframework.boot.test.context.SpringBootTestContextBootstrapper=true}', contextCustomizers = set[org.springframework.boot.test.autoconfigure.properties.PropertyMappingContextCustomizer@4b3fa0b3, org.springframework.boot.test.autoconfigure.web.servlet.WebDriverContextCustomizerFactory$Customizer@7dc53d96, [ImportsContextCustomizer@33f95ec key = [org.springframework.boot.test.autoconfigure.web.servlet.MockMvcAutoConfiguration, org.springframework.boot.test.autoconfigure.web.servlet.MockMvcWebClientAutoConfiguration, org.springframework.boot.test.autoconfigure.web.servlet.MockMvcWebDriverAutoConfiguration, org.springframework.boot.autoconfigure.security.oauth2.client.servlet.OAuth2ClientAutoConfiguration, org.springframework.boot.autoconfigure.security.oauth2.resource.servlet.OAuth2ResourceServerAutoConfiguration, org.springframework.boot.autoconfigure.security.servlet.SecurityAutoConfiguration, org.springframework.boot.autoconfigure.security.servlet.SecurityFilterAutoConfiguration, org.springframework.boot.autoconfigure.security.servlet.UserDetailsServiceAutoConfiguration, org.springframework.boot.test.autoconfigure.web.servlet.MockMvcSecurityConfiguration]], org.springframework.boot.test.context.filter.ExcludeFilterContextCustomizer@4fae5dec, org.springframework.boot.test.json.DuplicateJsonObjectContextCustomizerFactory$DuplicateJsonObjectContextCustomizer@518f84aa, org.springframework.boot.test.mock.mockito.MockitoContextCustomizer@0, org.springframework.boot.test.web.client.TestRestTemplateContextCustomizer@6abb4c0d, org.springframework.boot.test.context.SpringBootTestArgs@1], resourceBasePath = 'src/main/webapp', contextLoader = 'org.springframework.boot.test.context.SpringBootContextLoader', parent = [null]], attributes = map['org.springframework.test.context.web.ServletTestExecutionListener.activateListener' -> true]], class annotated with @DirtiesContext [false] with mode [null].
19:11:00.225 [Test worker] DEBUG org.springframework.test.annotation.ProfileValueUtils - Retrieved @ProfileValueSourceConfiguration [null] for test class [nl.tilburg.ThemeParkApplicationIT]
19:11:00.225 [Test worker] DEBUG org.springframework.test.annotation.ProfileValueUtils - Retrieved ProfileValueSource type [class org.springframework.test.annotation.SystemProfileValueSource] for class [nl.tilburg.ThemeParkApplicationIT]
19:11:00.243 [Test worker] DEBUG org.springframework.test.context.support.TestPropertySourceUtils - Adding inlined properties to environment: {spring.jmx.enabled=false, org.springframework.boot.test.context.SpringBootTestContextBootstrapper=true}

  .   ____          _            __ _ _
 /\\ / ___'_ __ _ _(_)_ __  __ _ \ \ \ \
( ( )\___ | '_ | '_| | '_ \/ _` | \ \ \ \
 \\/  ___)| |_)| | | | | || (_| |  ) ) ) )
  '  |____| .__|_| |_|_| |_\__, | / / / /
 =========|_|==============|___/=/_/_/_/
 :: Spring Boot ::        (v2.3.4.RELEASE)

2021-02-17 19:11:00.485  INFO 9240 --- [    Test worker] nl.tilburg.ThemeParkApplicationIT        : Starting ThemeParkApplicationIT on LAPTOP-0PTLAUSV with PID 9240 (started by Tilly in D:\Java\Projecten\ThemeParkRidesExample)
2021-02-17 19:11:00.486  INFO 9240 --- [    Test worker] nl.tilburg.ThemeParkApplicationIT        : No active profile set, falling back to default profiles: default
2021-02-17 19:11:01.234  INFO 9240 --- [    Test worker] .s.d.r.c.RepositoryConfigurationDelegate : Bootstrapping Spring Data JPA repositories in DEFERRED mode.
2021-02-17 19:11:01.277  INFO 9240 --- [    Test worker] .s.d.r.c.RepositoryConfigurationDelegate : Finished Spring Data repository scanning in 37ms. Found 1 JPA repository interfaces.
2021-02-17 19:11:01.713  INFO 9240 --- [    Test worker] o.s.s.concurrent.ThreadPoolTaskExecutor  : Initializing ExecutorService 'applicationTaskExecutor'
2021-02-17 19:11:01.729  INFO 9240 --- [    Test worker] com.zaxxer.hikari.HikariDataSource       : HikariPool-1 - Starting...
2021-02-17 19:11:01.893  INFO 9240 --- [    Test worker] com.zaxxer.hikari.HikariDataSource       : HikariPool-1 - Start completed.
2021-02-17 19:11:01.962  INFO 9240 --- [         task-1] o.hibernate.jpa.internal.util.LogHelper  : HHH000204: Processing PersistenceUnitInfo [name: default]
2021-02-17 19:11:02.021  INFO 9240 --- [         task-1] org.hibernate.Version                    : HHH000412: Hibernate ORM core version 5.4.21.Final
2021-02-17 19:11:02.190  INFO 9240 --- [         task-1] o.hibernate.annotations.common.Version   : HCANN000001: Hibernate Commons Annotations {5.1.0.Final}
2021-02-17 19:11:02.216  WARN 9240 --- [    Test worker] JpaBaseConfiguration$JpaWebConfiguration : spring.jpa.open-in-view is enabled by default. Therefore, database queries may be performed during view rendering. Explicitly configure spring.jpa.open-in-view to disable this warning
2021-02-17 19:11:02.340  INFO 9240 --- [         task-1] org.hibernate.dialect.Dialect            : HHH000400: Using dialect: org.hibernate.dialect.H2Dialect
2021-02-17 19:11:03.053  INFO 9240 --- [         task-1] o.h.e.t.j.p.i.JtaPlatformInitiator       : HHH000490: Using JtaPlatform implementation: [org.hibernate.engine.transaction.jta.platform.internal.NoJtaPlatform]
2021-02-17 19:11:03.061  INFO 9240 --- [         task-1] j.LocalContainerEntityManagerFactoryBean : Initialized JPA EntityManagerFactory for persistence unit 'default'
2021-02-17 19:11:03.177  INFO 9240 --- [    Test worker] o.s.b.t.m.w.SpringBootMockServletContext : Initializing Spring TestDispatcherServlet ''
2021-02-17 19:11:03.177  INFO 9240 --- [    Test worker] o.s.t.web.servlet.TestDispatcherServlet  : Initializing Servlet ''
2021-02-17 19:11:03.190  INFO 9240 --- [    Test worker] o.s.b.a.e.web.EndpointLinksResolver      : Exposing 2 endpoint(s) beneath base path '/actuator'
2021-02-17 19:11:03.220  INFO 9240 --- [    Test worker] o.s.t.web.servlet.TestDispatcherServlet  : Completed initialization in 42 ms
2021-02-17 19:11:03.241  INFO 9240 --- [    Test worker] DeferredRepositoryInitializationListener : Triggering deferred initialization of Spring Data repositories…
2021-02-17 19:11:03.506  INFO 9240 --- [    Test worker] DeferredRepositoryInitializationListener : Spring Data repositories initialized!
2021-02-17 19:11:03.517  INFO 9240 --- [    Test worker] nl.tilburg.ThemeParkApplicationIT        : Started ThemeParkApplicationIT in 3.265 seconds (JVM running for 4.78)
]]></system-out>
  <system-err><![CDATA[]]></system-err>
</testsuite>
