<?xml version="1.0" encoding="UTF-8"?>
<testsuite name="nl.tilburg.ThemeParkApplicationIT" tests="4" skipped="0" failures="0" errors="0" timestamp="2021-02-19T12:02:24" hostname="LAPTOP-0PTLAUSV" time="0.449">
  <properties/>
  <testcase name="getsAllRides" classname="nl.tilburg.ThemeParkApplicationIT" time="0.347"/>
  <testcase name="getsSingleRide" classname="nl.tilburg.ThemeParkApplicationIT" time="0.034"/>
  <testcase name="returnsNotFoundForInvalidSingleRide" classname="nl.tilburg.ThemeParkApplicationIT" time="0.008"/>
  <testcase name="addsNewRide" classname="nl.tilburg.ThemeParkApplicationIT" time="0.057"/>
  <system-out><![CDATA[13:02:20.545 [Test worker] DEBUG org.springframework.test.annotation.ProfileValueUtils - Retrieved @ProfileValueSourceConfiguration [null] for test class [nl.tilburg.ThemeParkApplicationIT]
13:02:20.545 [Test worker] DEBUG org.springframework.test.annotation.ProfileValueUtils - Retrieved ProfileValueSource type [class org.springframework.test.annotation.SystemProfileValueSource] for class [nl.tilburg.ThemeParkApplicationIT]
13:02:20.546 [Test worker] DEBUG org.springframework.test.annotation.ProfileValueUtils - Retrieved @ProfileValueSourceConfiguration [null] for test class [nl.tilburg.ThemeParkApplicationIT]
13:02:20.546 [Test worker] DEBUG org.springframework.test.annotation.ProfileValueUtils - Retrieved ProfileValueSource type [class org.springframework.test.annotation.SystemProfileValueSource] for class [nl.tilburg.ThemeParkApplicationIT]
13:02:20.550 [Test worker] DEBUG org.springframework.test.context.support.AbstractDirtiesContextTestExecutionListener - Before test class: context [DefaultTestContext@bd23f2f testClass = ThemeParkApplicationIT, testInstance = [null], testMethod = [null], testException = [null], mergedContextConfiguration = [WebMergedContextConfiguration@b63ed2c testClass = ThemeParkApplicationIT, locations = '{}', classes = '{class nl.tilburg.ThemeParkRidesExampleApplication}', contextInitializerClasses = '[]', activeProfiles = '{}', propertySourceLocations = '{}', propertySourceProperties = '{org.springframework.boot.test.context.SpringBootTestContextBootstrapper=true}', contextCustomizers = set[org.springframework.boot.test.autoconfigure.properties.PropertyMappingContextCustomizer@4b3fa0b3, org.springframework.boot.test.autoconfigure.web.servlet.WebDriverContextCustomizerFactory$Customizer@1f3c4001, [ImportsContextCustomizer@27c82a70 key = [org.springframework.boot.test.autoconfigure.web.servlet.MockMvcAutoConfiguration, org.springframework.boot.test.autoconfigure.web.servlet.MockMvcWebClientAutoConfiguration, org.springframework.boot.test.autoconfigure.web.servlet.MockMvcWebDriverAutoConfiguration, org.springframework.boot.autoconfigure.security.oauth2.client.servlet.OAuth2ClientAutoConfiguration, org.springframework.boot.autoconfigure.security.oauth2.resource.servlet.OAuth2ResourceServerAutoConfiguration, org.springframework.boot.autoconfigure.security.servlet.SecurityAutoConfiguration, org.springframework.boot.autoconfigure.security.servlet.SecurityFilterAutoConfiguration, org.springframework.boot.autoconfigure.security.servlet.UserDetailsServiceAutoConfiguration, org.springframework.boot.test.autoconfigure.web.servlet.MockMvcSecurityConfiguration]], org.springframework.boot.test.context.filter.ExcludeFilterContextCustomizer@4a00f384, org.springframework.boot.test.json.DuplicateJsonObjectContextCustomizerFactory$DuplicateJsonObjectContextCustomizer@23140d89, org.springframework.boot.test.mock.mockito.MockitoContextCustomizer@0, org.springframework.boot.test.web.client.TestRestTemplateContextCustomizer@2f5b32d1, org.springframework.boot.test.context.SpringBootTestArgs@1], resourceBasePath = 'src/main/webapp', contextLoader = 'org.springframework.boot.test.context.SpringBootContextLoader', parent = [null]], attributes = map['org.springframework.test.context.web.ServletTestExecutionListener.activateListener' -> true]], class annotated with @DirtiesContext [false] with mode [null].
13:02:20.551 [Test worker] DEBUG org.springframework.test.annotation.ProfileValueUtils - Retrieved @ProfileValueSourceConfiguration [null] for test class [nl.tilburg.ThemeParkApplicationIT]
13:02:20.551 [Test worker] DEBUG org.springframework.test.annotation.ProfileValueUtils - Retrieved ProfileValueSource type [class org.springframework.test.annotation.SystemProfileValueSource] for class [nl.tilburg.ThemeParkApplicationIT]
13:02:20.568 [Test worker] DEBUG org.springframework.test.context.support.TestPropertySourceUtils - Adding inlined properties to environment: {spring.jmx.enabled=false, org.springframework.boot.test.context.SpringBootTestContextBootstrapper=true}

  .   ____          _            __ _ _
 /\\ / ___'_ __ _ _(_)_ __  __ _ \ \ \ \
( ( )\___ | '_ | '_| | '_ \/ _` | \ \ \ \
 \\/  ___)| |_)| | | | | || (_| |  ) ) ) )
  '  |____| .__|_| |_|_| |_\__, | / / / /
 =========|_|==============|___/=/_/_/_/
 :: Spring Boot ::        (v2.3.4.RELEASE)

2021-02-19 13:02:20.880  INFO 9040 --- [    Test worker] nl.tilburg.ThemeParkApplicationIT        : Starting ThemeParkApplicationIT on LAPTOP-0PTLAUSV with PID 9040 (started by Tilly in D:\Java\Projecten\ThemeParkRidesExample)
2021-02-19 13:02:20.881  INFO 9040 --- [    Test worker] nl.tilburg.ThemeParkApplicationIT        : No active profile set, falling back to default profiles: default
2021-02-19 13:02:21.759  INFO 9040 --- [    Test worker] .s.d.r.c.RepositoryConfigurationDelegate : Bootstrapping Spring Data JPA repositories in DEFERRED mode.
2021-02-19 13:02:21.841  INFO 9040 --- [    Test worker] .s.d.r.c.RepositoryConfigurationDelegate : Finished Spring Data repository scanning in 75ms. Found 1 JPA repository interfaces.
2021-02-19 13:02:22.268  INFO 9040 --- [    Test worker] o.s.s.concurrent.ThreadPoolTaskExecutor  : Initializing ExecutorService 'applicationTaskExecutor'
2021-02-19 13:02:22.281  INFO 9040 --- [    Test worker] com.zaxxer.hikari.HikariDataSource       : HikariPool-1 - Starting...
2021-02-19 13:02:22.483  INFO 9040 --- [    Test worker] com.zaxxer.hikari.HikariDataSource       : HikariPool-1 - Start completed.
2021-02-19 13:02:22.561  INFO 9040 --- [         task-1] o.hibernate.jpa.internal.util.LogHelper  : HHH000204: Processing PersistenceUnitInfo [name: default]
2021-02-19 13:02:22.618  INFO 9040 --- [         task-1] org.hibernate.Version                    : HHH000412: Hibernate ORM core version 5.4.21.Final
2021-02-19 13:02:22.786  INFO 9040 --- [         task-1] o.hibernate.annotations.common.Version   : HCANN000001: Hibernate Commons Annotations {5.1.0.Final}
2021-02-19 13:02:22.818  WARN 9040 --- [    Test worker] JpaBaseConfiguration$JpaWebConfiguration : spring.jpa.open-in-view is enabled by default. Therefore, database queries may be performed during view rendering. Explicitly configure spring.jpa.open-in-view to disable this warning
2021-02-19 13:02:22.964  INFO 9040 --- [         task-1] org.hibernate.dialect.Dialect            : HHH000400: Using dialect: org.hibernate.dialect.H2Dialect
2021-02-19 13:02:23.755  INFO 9040 --- [         task-1] o.h.e.t.j.p.i.JtaPlatformInitiator       : HHH000490: Using JtaPlatform implementation: [org.hibernate.engine.transaction.jta.platform.internal.NoJtaPlatform]
2021-02-19 13:02:23.763  INFO 9040 --- [         task-1] j.LocalContainerEntityManagerFactoryBean : Initialized JPA EntityManagerFactory for persistence unit 'default'
2021-02-19 13:02:23.896  INFO 9040 --- [    Test worker] o.s.b.t.m.w.SpringBootMockServletContext : Initializing Spring TestDispatcherServlet ''
2021-02-19 13:02:23.897  INFO 9040 --- [    Test worker] o.s.t.web.servlet.TestDispatcherServlet  : Initializing Servlet ''
2021-02-19 13:02:23.911  INFO 9040 --- [    Test worker] o.s.b.a.e.web.EndpointLinksResolver      : Exposing 2 endpoint(s) beneath base path '/actuator'
2021-02-19 13:02:23.941  INFO 9040 --- [    Test worker] o.s.t.web.servlet.TestDispatcherServlet  : Completed initialization in 44 ms
2021-02-19 13:02:23.962  INFO 9040 --- [    Test worker] DeferredRepositoryInitializationListener : Triggering deferred initialization of Spring Data repositories…
2021-02-19 13:02:24.256  INFO 9040 --- [    Test worker] DeferredRepositoryInitializationListener : Spring Data repositories initialized!
2021-02-19 13:02:24.267  INFO 9040 --- [    Test worker] nl.tilburg.ThemeParkApplicationIT        : Started ThemeParkApplicationIT in 3.69 seconds (JVM running for 5.391)
]]></system-out>
  <system-err><![CDATA[]]></system-err>
</testsuite>
